2024-05-29 13:43:54.662+0000 INFO  Logging config in use: File 'C:\Users\vansh\Downloads\neo4j-community-5.20.0-windows\inputs\neo4j-community-5.20.0\conf\user-logs.xml'
2024-05-29 13:43:54.673+0000 INFO  Starting...
2024-05-29 13:43:56.637+0000 INFO  This instance is ServerId{62ff8518} (62ff8518-d43f-4142-b664-e26eb8a28816)
2024-05-29 13:43:57.712+0000 INFO  ======== Neo4j 5.20.0 ========
2024-05-29 13:43:59.662+0000 INFO  Anonymous Usage Data is being sent to Neo4j, see https://neo4j.com/docs/usage_data/
2024-05-29 13:43:59.708+0000 INFO  Bolt enabled on localhost:7687.
2024-05-29 13:44:00.310+0000 INFO  HTTP enabled on localhost:7474.
2024-05-29 13:44:00.312+0000 INFO  Remote interface available at http://localhost:7474/
2024-05-29 13:44:00.315+0000 INFO  id: 4FBB4D1C6CFDC5AF967550203E45F8F578E7FEAE36EF281DF4FB8EE1757E88E1
2024-05-29 13:44:00.316+0000 INFO  name: system
2024-05-29 13:44:00.316+0000 INFO  creationDate: 2024-05-29T13:43:58.576Z
2024-05-29 13:44:00.316+0000 INFO  Started.
2024-05-29 13:44:04.392+0000 INFO  Neo4j Server shutdown initiated by request
2024-05-29 13:44:04.392+0000 INFO  Stopping...
2024-05-29 13:44:09.606+0000 INFO  Stopped.
2024-05-29 13:48:50.189+0000 INFO  Logging config in use: File 'C:\Users\vansh\Downloads\neo4j-community-5.20.0-windows\inputs\neo4j-community-5.20.0\conf\user-logs.xml'
2024-05-29 13:48:50.201+0000 INFO  Starting...
2024-05-29 13:48:51.323+0000 INFO  This instance is ServerId{62ff8518} (62ff8518-d43f-4142-b664-e26eb8a28816)
2024-05-29 13:48:52.781+0000 INFO  ======== Neo4j 5.20.0 ========
2024-05-29 13:48:55.033+0000 INFO  Anonymous Usage Data is being sent to Neo4j, see https://neo4j.com/docs/usage_data/
2024-05-29 13:48:55.085+0000 INFO  Bolt enabled on localhost:7687.
2024-05-29 13:48:55.928+0000 INFO  HTTP enabled on localhost:7474.
2024-05-29 13:48:55.930+0000 INFO  Remote interface available at http://localhost:7474/
2024-05-29 13:48:55.935+0000 INFO  id: 4FBB4D1C6CFDC5AF967550203E45F8F578E7FEAE36EF281DF4FB8EE1757E88E1
2024-05-29 13:48:55.935+0000 INFO  name: system
2024-05-29 13:48:55.936+0000 INFO  creationDate: 2024-05-29T13:43:58.576Z
2024-05-29 13:48:55.936+0000 INFO  Started.
